SF:lib/common/domain/base_pin.dart
DA:2,9
DA:6,0
DA:7,0
DA:9,0
DA:10,0
DA:18,4
DA:24,2
DA:26,2
DA:27,3
DA:28,3
DA:29,3
DA:31,0
DA:32,0
DA:33,0
DA:34,0
DA:35,0
DA:40,5
DA:42,0
DA:43,0
DA:45,0
DA:46,0
LF:21
LH:8
end_of_record
SF:lib/common/domain/model/remote_storage_configuration.dart
DA:7,1
DA:8,1
DA:9,4
DA:10,4
DA:13,1
DA:15,7
DA:18,0
DA:19,0
DA:21,0
DA:23,2
DA:25,0
DA:26,0
DA:28,1
DA:29,2
DA:35,4
DA:36,1
DA:38,2
DA:48,2
DA:72,5
DA:77,1
DA:85,1
DA:86,1
DA:87,1
DA:88,1
DA:89,1
DA:90,1
DA:91,1
DA:92,1
DA:103,2
DA:107,1
DA:108,1
DA:109,1
DA:110,1
LF:33
LH:28
end_of_record
SF:lib/common/domain/usecases/pin_usecase.dart
DA:29,0
DA:35,0
DA:36,0
DA:37,0
DA:38,0
DA:39,0
DA:40,0
DA:42,0
DA:43,0
DA:45,0
DA:47,0
DA:49,0
DA:52,0
DA:53,0
DA:55,0
DA:57,0
DA:60,0
DA:62,0
DA:63,0
DA:64,0
DA:67,0
DA:69,0
DA:71,0
DA:73,0
DA:78,0
DA:83,0
DA:86,0
DA:92,4
LF:28
LH:1
end_of_record
SF:lib/common/domain/usecases/should_create_remote_storage_file_usecase.dart
DA:4,0
DA:6,0
DA:7,0
DA:11,0
DA:12,0
DA:14,0
DA:20,0
DA:21,0
DA:24,0
LF:9
LH:0
end_of_record
SF:lib/settings/domain/drop_remote_storage_configuration_usecase.dart
DA:20,1
DA:30,1
DA:32,2
DA:33,2
DA:35,2
DA:36,1
DA:37,1
DA:40,2
DA:43,1
DA:46,1
DA:47,2
DA:48,2
DA:52,1
DA:55,1
DA:56,2
DA:57,2
DA:58,3
DA:59,2
DA:61,2
LF:19
LH:19
end_of_record
SF:lib/notes/domain/model/google_drive_file.dart
DA:6,1
LF:1
LH:1
end_of_record
SF:lib/notes/domain/model/note_item.dart
DA:14,0
DA:23,0
DA:24,0
DA:25,0
DA:26,0
DA:27,0
DA:28,0
DA:29,0
DA:30,0
DA:33,0
DA:47,0
DA:54,0
DA:63,0
DA:68,0
DA:69,0
DA:70,0
DA:71,0
DA:72,0
DA:76,0
DA:83,0
DA:84,0
DA:85,0
DA:86,0
DA:87,0
DA:88,0
DA:89,0
DA:95,0
DA:100,0
DA:101,0
DA:102,0
DA:108,0
LF:31
LH:0
end_of_record
SF:lib/common/domain/errors/app_error.dart
DA:5,7
DA:10,0
DA:12,0
DA:13,0
DA:14,0
DA:15,0
DA:16,0
LF:7
LH:1
end_of_record
SF:lib/notes/domain/model/note_item_content.dart
DA:5,4
DA:7,0
DA:14,0
DA:15,0
DA:16,0
DA:17,0
DA:18,0
DA:20,0
DA:22,4
DA:26,0
DA:27,0
DA:32,0
DA:38,0
LF:13
LH:2
end_of_record
SF:lib/common/domain/usecases/hash_usecase.dart
DA:9,3
DA:10,1
DA:11,2
DA:16,1
DA:18,1
DA:19,1
DA:23,1
DA:24,2
DA:30,1
DA:31,1
DA:35,1
DA:36,2
DA:42,1
DA:44,2
DA:48,1
DA:49,2
DA:51,1
DA:52,2
DA:53,1
DA:58,0
DA:62,1
DA:64,2
DA:68,1
DA:69,2
DA:70,1
DA:72,3
DA:78,4
DA:80,0
DA:81,0
DA:83,0
DA:91,2
DA:92,0
DA:105,2
DA:109,2
DA:113,0
LF:35
LH:29
end_of_record
SF:lib/common/presentation/common_highlighted_row.dart
DA:9,1
DA:17,1
DA:19,1
DA:20,1
DA:21,1
DA:22,1
DA:24,1
DA:25,1
DA:65,0
DA:73,0
DA:74,0
DA:75,0
DA:76,0
DA:77,0
DA:78,0
DA:79,0
DA:80,0
DA:82,0
DA:85,0
LF:19
LH:8
end_of_record
SF:lib/notes/domain/usecases/sync_google_drive_item_usecase.dart
DA:20,1
DA:28,1
DA:32,1
DA:33,0
DA:35,1
DA:39,2
DA:42,1
DA:44,3
DA:46,3
DA:47,1
DA:49,1
DA:51,2
DA:54,1
DA:56,1
DA:58,1
DA:59,1
DA:62,1
DA:63,2
DA:66,2
DA:71,1
DA:77,1
DA:78,0
DA:80,1
DA:83,1
DA:86,1
DA:87,2
DA:92,1
DA:93,2
DA:94,2
DA:96,2
DA:98,1
DA:104,1
DA:107,1
DA:109,2
DA:115,1
DA:116,2
DA:117,3
LF:37
LH:35
end_of_record
SF:lib/notes/domain/model/google_error.dart
DA:4,1
DA:19,0
DA:23,0
DA:27,0
DA:31,1
LF:5
LH:2
end_of_record
SF:lib/common/presentation/validators/common/common_field_validator.dart
DA:10,0
DA:16,7
DA:18,7
DA:20,7
DA:21,10
DA:22,7
DA:23,0
DA:24,7
DA:25,0
DA:26,32
DA:27,6
DA:36,14
DA:47,4
DA:52,0
DA:57,0
DA:61,6
LF:16
LH:11
end_of_record
SF:lib/common/presentation/validators/common/common_field_validator_message_provider.dart
DA:6,0
DA:11,0
DA:12,0
DA:13,0
DA:15,0
DA:16,0
DA:17,0
DA:19,0
DA:20,0
DA:21,0
DA:22,0
DA:35,14
DA:45,0
DA:47,0
DA:49,0
DA:51,0
LF:16
LH:1
end_of_record
SF:lib/common/presentation/validators/noEmpty/no_empty_validator.dart
DA:4,1
DA:6,1
DA:9,1
DA:12,1
DA:15,1
LF:5
LH:5
end_of_record
SF:lib/common/presentation/validators/common/common_field_input_formatter.dart
DA:6,6
DA:8,6
DA:10,12
DA:11,12
DA:12,18
DA:13,6
LF:6
LH:6
end_of_record
SF:lib/common/presentation/validators/common/validator.dart
DA:4,7
DA:8,14
DA:12,7
DA:14,0
LF:4
LH:3
end_of_record
SF:lib/common/presentation/validators/ipv4_validator/didgits_only_validator.dart
DA:10,1
DA:14,1
DA:17,1
DA:20,1
DA:25,1
DA:27,1
LF:6
LH:6
end_of_record
SF:lib/common/presentation/validators/remote_settings_field_validator/file_name_validator.dart
DA:7,1
DA:9,1
DA:12,1
DA:15,1
DA:18,1
DA:23,1
DA:25,1
LF:7
LH:7
end_of_record
SF:lib/common/presentation/validators/remote_settings_field_validator/remote_settings_field_validator.dart
DA:7,1
DA:9,1
DA:12,1
DA:15,1
DA:18,1
DA:23,2
DA:25,2
LF:7
LH:7
end_of_record
SF:lib/common/presentation/validators/ipv4_validator/ipv4_validator.dart
DA:9,1
DA:13,1
DA:16,1
DA:19,1
DA:24,1
DA:26,1
LF:6
LH:6
end_of_record
SF:lib/common/presentation/validators/remote_settings_field_validator/remote_settings_file_name_validator.dart
DA:8,1
DA:10,1
DA:13,1
DA:16,1
DA:19,1
DA:24,1
DA:26,1
LF:7
LH:7
end_of_record
SF:lib/common/presentation/validators/remote_settings_field_validator/remote_settings_field_validator_not_required.dart
DA:9,1
DA:11,0
DA:14,1
DA:17,1
DA:20,1
DA:26,1
LF:6
LH:5
end_of_record
SF:lib/unauth/domain/usecases/login_usecase.dart
DA:8,1
DA:13,1
DA:14,2
DA:15,2
DA:17,2
DA:18,2
LF:6
LH:6
end_of_record
