SF:lib/common/domain/base_pin.dart
DA:2,19
DA:6,0
DA:7,0
DA:9,0
DA:10,0
DA:17,5
DA:22,2
DA:24,14
DA:26,0
DA:27,0
DA:28,0
DA:29,0
DA:34,15
DA:36,1
DA:38,1
DA:41,0
DA:42,0
LF:17
LH:7
end_of_record
SF:lib/common/domain/model/remote_configuration/google_drive_configuration.dart
DA:9,5
DA:13,3
DA:14,3
DA:15,3
DA:16,3
DA:17,3
DA:20,4
DA:23,4
LF:8
LH:8
end_of_record
SF:lib/common/domain/model/remote_configuration/git_configuration.dart
DA:10,15
DA:14,3
DA:17,3
DA:20,4
DA:28,3
DA:29,3
DA:30,3
DA:31,3
DA:32,3
DA:33,3
DA:34,3
DA:35,3
LF:12
LH:12
end_of_record
SF:lib/common/domain/model/remote_configuration/remote_configuration.dart
DA:15,5
DA:36,2
DA:37,2
DA:38,2
DA:39,2
DA:40,2
LF:6
LH:6
end_of_record
SF:lib/common/domain/model/remote_configuration/remote_configurations.dart
DA:9,3
DA:10,3
DA:11,12
DA:12,12
DA:15,3
DA:17,21
DA:20,3
DA:21,3
DA:23,3
DA:24,3
DA:26,2
DA:28,2
DA:29,4
DA:31,3
DA:32,6
DA:38,12
DA:39,3
DA:41,6
DA:44,1
DA:45,2
DA:47,1
DA:50,5
DA:51,4
DA:52,1
DA:53,1
DA:55,1
DA:63,1
DA:66,2
DA:68,1
DA:69,1
DA:70,1
DA:71,1
LF:32
LH:32
end_of_record
SF:lib/common/domain/usecases/pin_usecase.dart
DA:22,1
DA:24,4
DA:26,4
DA:29,1
DA:30,1
DA:31,1
DA:32,1
DA:33,1
DA:34,1
DA:35,1
DA:37,1
DA:40,1
DA:41,1
DA:42,3
DA:44,1
DA:46,1
DA:48,2
DA:51,1
DA:52,2
DA:54,1
DA:56,2
DA:59,1
DA:61,2
DA:63,1
DA:65,1
DA:72,14
LF:26
LH:26
end_of_record
SF:lib/settings/domain/save_configurations_usecase.dart
DA:17,1
DA:25,1
DA:28,2
DA:30,2
DA:31,2
DA:34,1
DA:35,1
DA:36,1
DA:40,2
DA:44,2
DA:47,1
DA:48,2
DA:52,2
DA:53,2
DA:54,1
DA:57,1
DA:58,1
DA:60,1
DA:61,2
LF:19
LH:19
end_of_record
SF:lib/common/domain/model/app_configuration.dart
DA:9,16
DA:14,0
DA:19,0
DA:20,0
DA:28,0
DA:33,0
DA:35,0
DA:36,0
LF:8
LH:1
end_of_record
SF:lib/common/domain/errors/app_error.dart
DA:5,17
DA:10,0
DA:12,0
DA:13,0
DA:14,0
DA:15,0
DA:16,0
LF:7
LH:1
end_of_record
SF:lib/common/domain/errors/network_error.dart
DA:11,0
DA:43,0
DA:51,0
DA:59,0
DA:67,0
LF:5
LH:0
end_of_record
SF:lib/common/domain/model/remote_configuration/local_storage_target.dart
DA:8,2
DA:14,2
DA:15,2
DA:16,2
DA:17,2
DA:18,2
LF:6
LH:6
end_of_record
SF:lib/common/presentation/blocking_loading_indicator.dart
DA:7,0
DA:9,6
DA:11,2
DA:14,2
DA:15,2
DA:20,0
DA:25,2
DA:27,2
DA:30,2
DA:31,2
DA:32,2
DA:40,2
DA:45,2
DA:46,2
DA:47,2
DA:48,2
DA:49,2
DA:51,6
DA:52,2
DA:53,2
DA:54,0
DA:56,2
LF:22
LH:19
end_of_record
SF:lib/common/presentation/dialogs/dialog_helper.dart
DA:7,0
DA:13,0
DA:15,0
DA:16,0
DA:17,0
DA:18,0
DA:19,0
DA:20,0
DA:21,0
DA:22,0
DA:23,0
DA:29,0
DA:38,0
DA:40,0
DA:42,0
DA:43,0
DA:44,0
DA:45,0
DA:47,0
DA:48,0
DA:49,0
DA:51,0
DA:53,0
DA:54,0
DA:55,0
DA:61,2
DA:67,2
DA:69,4
DA:71,2
DA:72,2
DA:73,2
DA:74,2
DA:75,0
DA:76,0
DA:77,0
DA:78,4
DA:84,0
DA:85,0
DA:86,0
DA:87,0
DA:100,2
DA:101,0
LF:42
LH:9
end_of_record
SF:lib/common/presentation/dialogs/show_error_dialog_mixin.dart
DA:25,2
DA:26,2
DA:29,0
DA:30,0
DA:32,0
DA:42,2
DA:51,4
DA:54,4
DA:57,0
DA:60,4
DA:62,2
DA:63,2
DA:64,2
DA:66,2
DA:67,2
DA:71,0
DA:72,0
DA:74,0
DA:79,2
DA:81,2
DA:82,0
DA:83,2
DA:84,2
DA:86,0
DA:87,0
DA:89,0
DA:90,0
DA:94,0
DA:98,2
DA:104,4
DA:115,0
DA:119,0
DA:120,0
DA:121,0
DA:123,0
DA:125,0
DA:129,2
DA:130,2
DA:132,2
DA:133,2
DA:136,2
DA:139,0
DA:141,0
DA:142,0
DA:143,0
DA:150,2
DA:151,2
LF:47
LH:24
end_of_record
SF:lib/common/presentation/dialogs/show_error_dialog_model.dart
DA:14,2
DA:20,2
DA:25,2
DA:26,2
DA:31,0
DA:32,0
DA:33,0
DA:37,0
DA:43,0
DA:47,0
DA:48,0
DA:49,0
DA:56,2
DA:58,0
DA:60,0
DA:62,0
LF:16
LH:5
end_of_record
SF:lib/notes/presentation/tools/debug_error_message_provider.dart
DA:6,14
DA:8,0
DA:9,0
DA:10,0
DA:11,0
LF:5
LH:1
end_of_record
SF:lib/common/presentation/validators/common/common_field_input_formatter.dart
DA:6,6
DA:8,20
DA:10,12
DA:11,12
DA:12,18
DA:13,6
LF:6
LH:6
end_of_record
SF:lib/common/presentation/validators/common/common_field_validator.dart
DA:10,0
DA:16,35
DA:18,7
DA:20,7
DA:21,10
DA:22,7
DA:23,0
DA:24,7
DA:25,0
DA:26,32
DA:27,6
DA:36,14
DA:47,4
DA:52,0
DA:57,0
DA:61,6
LF:16
LH:11
end_of_record
SF:lib/common/presentation/validators/common/common_field_validator_message_provider.dart
DA:6,0
DA:11,0
DA:12,0
DA:13,0
DA:15,0
DA:16,0
DA:17,0
DA:19,0
DA:20,0
DA:21,0
DA:22,0
DA:35,28
DA:45,0
DA:47,0
DA:49,0
DA:51,0
LF:16
LH:1
end_of_record
SF:lib/common/presentation/validators/common/validator.dart
DA:4,35
DA:8,14
DA:12,7
DA:14,0
LF:4
LH:3
end_of_record
SF:lib/common/presentation/validators/noEmpty/no_empty_validator.dart
DA:4,29
DA:6,1
DA:9,1
DA:12,1
DA:15,1
LF:5
LH:5
end_of_record
SF:lib/common/presentation/validators/remote_settings_field_validator/file_name_validator.dart
DA:7,15
DA:9,1
DA:12,1
DA:15,1
DA:18,1
DA:23,15
DA:25,1
LF:7
LH:7
end_of_record
SF:lib/common/presentation/validators/remote_settings_field_validator/remote_settings_field_validator.dart
DA:7,15
DA:9,1
DA:12,1
DA:15,1
DA:18,1
DA:23,16
DA:25,2
LF:7
LH:7
end_of_record
SF:lib/common/presentation/validators/remote_settings_field_validator/remote_settings_field_validator_not_required.dart
DA:9,15
DA:11,0
DA:14,1
DA:17,1
DA:20,1
DA:26,15
LF:6
LH:5
end_of_record
SF:lib/common/presentation/validators/remote_settings_field_validator/remote_settings_file_name_validator.dart
DA:8,15
DA:10,1
DA:13,1
DA:16,1
DA:19,1
DA:24,15
DA:26,1
LF:7
LH:7
end_of_record
SF:lib/common/presentation/widgets/common_text_field_row.dart
DA:13,0
DA:22,0
DA:24,0
DA:25,0
DA:26,0
DA:27,0
DA:28,0
DA:29,0
DA:30,0
DA:32,0
DA:33,0
DA:36,0
DA:37,0
LF:13
LH:0
end_of_record
SF:lib/common/support/optional_box.dart
DA:6,1
DA:8,2
DA:10,1
DA:11,2
LF:4
LH:4
end_of_record
SF:lib/notes/domain/model/google_drive_file.dart
DA:9,1
LF:1
LH:1
end_of_record
SF:lib/notes/domain/model/note_item.dart
DA:14,0
DA:23,0
DA:24,0
DA:25,0
DA:26,0
DA:27,0
DA:28,0
DA:29,0
DA:30,0
DA:33,0
DA:47,0
DA:54,0
DA:63,0
DA:68,0
DA:69,0
DA:70,0
DA:71,0
DA:72,0
DA:76,0
DA:83,0
DA:84,0
DA:85,0
DA:86,0
DA:87,0
DA:88,0
DA:89,0
DA:95,0
DA:100,0
DA:101,0
DA:102,0
DA:108,0
LF:31
LH:0
end_of_record
SF:lib/notes/domain/model/note_item_content.dart
DA:5,14
DA:7,0
DA:14,0
DA:15,0
DA:16,0
DA:17,0
DA:18,0
DA:20,0
DA:22,14
DA:26,0
DA:27,0
DA:32,0
DA:38,0
LF:13
LH:2
end_of_record
SF:lib/settings/presentation/configuration_screen/bloc/configuration_screen_bloc.dart
DA:18,3
DA:20,1
DA:23,1
DA:24,1
DA:25,1
DA:26,1
DA:30,1
DA:32,1
DA:35,1
DA:36,2
DA:37,2
DA:38,2
DA:39,2
DA:40,2
DA:43,1
DA:48,2
DA:50,1
DA:51,1
DA:52,1
DA:59,1
DA:63,1
DA:64,2
DA:66,1
DA:67,1
DA:68,1
DA:69,1
DA:70,2
DA:74,1
DA:75,1
DA:76,1
DA:77,1
DA:78,2
DA:79,1
DA:84,1
DA:85,1
DA:86,1
DA:87,2
DA:88,1
DA:97,1
DA:101,1
DA:102,1
DA:103,2
DA:104,1
DA:105,1
DA:111,1
DA:115,1
DA:116,1
DA:117,2
DA:118,1
DA:119,1
DA:125,1
DA:130,3
DA:132,2
DA:133,2
DA:136,3
DA:138,3
LF:56
LH:56
end_of_record
SF:lib/settings/presentation/configuration_screen/bloc/configuration_screen_data.dart
DA:17,1
DA:23,1
DA:26,1
DA:27,1
DA:30,1
DA:31,1
DA:35,1
DA:37,1
DA:38,1
DA:42,1
DA:43,3
DA:45,1
DA:46,2
DA:47,2
DA:49,1
DA:50,1
DA:51,1
DA:52,1
DA:57,4
DA:59,1
DA:61,1
DA:62,2
DA:63,1
DA:64,2
DA:68,1
DA:72,1
DA:73,1
DA:74,1
DA:75,1
LF:29
LH:29
end_of_record
SF:lib/settings/presentation/configuration_screen/bloc/configuration_screen_event.dart
DA:5,29
DA:24,0
DA:29,14
DA:35,1
DA:43,1
DA:52,1
DA:59,14
LF:7
LH:6
end_of_record
SF:lib/settings/presentation/configuration_screen/bloc/configuration_screen_state.dart
DA:8,1
DA:10,1
DA:11,2
DA:34,1
DA:38,1
DA:43,1
DA:53,1
DA:59,1
DA:62,0
DA:63,0
LF:10
LH:8
end_of_record
SF:lib/settings/presentation/configuration_screen/configurations_screen.dart
DA:20,1
DA:22,1
DA:23,3
DA:25,1
DA:26,1
DA:28,1
DA:29,2
DA:31,1
DA:32,2
DA:34,1
DA:35,1
DA:36,1
DA:38,1
DA:39,1
DA:43,1
DA:44,1
DA:45,1
DA:46,1
DA:48,0
DA:56,1
DA:58,1
DA:59,2
DA:60,2
DA:61,2
DA:63,1
DA:64,1
DA:65,1
DA:66,1
DA:67,1
DA:68,1
DA:69,0
DA:75,1
DA:76,1
DA:77,1
DA:78,1
DA:79,1
DA:81,1
DA:82,1
DA:84,3
DA:88,2
DA:89,1
DA:90,1
DA:92,2
DA:93,2
DA:100,1
DA:101,1
DA:103,1
DA:104,1
DA:108,2
DA:109,2
DA:111,2
DA:126,1
DA:131,2
DA:132,1
DA:138,1
DA:142,2
DA:143,1
DA:144,1
DA:148,1
DA:152,2
DA:153,1
DA:154,1
DA:158,1
DA:159,2
DA:170,1
DA:176,1
DA:178,1
DA:179,3
DA:180,3
DA:181,3
DA:182,1
DA:183,1
DA:190,1
DA:191,1
DA:196,1
DA:198,1
DA:200,1
DA:205,1
DA:207,1
DA:209,1
DA:218,15
DA:222,0
DA:229,1
DA:236,14
LF:84
LH:81
end_of_record
SF:lib/settings/presentation/configuration_screen/git_configuration_screen/git_configuration_form.dart
DA:17,2
DA:26,0
DA:28,0
DA:29,0
DA:71,0
DA:73,0
DA:74,0
DA:75,0
DA:76,0
DA:77,0
DA:79,0
DA:82,0
DA:84,0
DA:85,0
DA:86,0
DA:88,0
DA:89,0
DA:91,0
DA:92,0
DA:93,0
DA:94,0
DA:95,0
DA:96,0
DA:97,0
DA:100,0
DA:102,0
DA:104,0
DA:105,0
DA:106,0
DA:110,0
DA:112,0
DA:113,0
DA:114,0
DA:115,0
DA:119,0
DA:121,0
DA:122,0
DA:123,0
DA:124,0
DA:125,0
DA:128,0
DA:130,0
DA:131,0
DA:132,0
DA:133,0
DA:134,0
DA:137,0
DA:139,0
DA:140,0
DA:141,0
DA:142,0
DA:144,0
DA:147,0
DA:151,0
DA:152,0
DA:153,0
DA:154,0
DA:155,0
DA:163,0
DA:164,0
DA:166,0
DA:168,0
DA:170,0
DA:171,0
DA:181,0
DA:182,0
DA:183,0
DA:184,0
DA:185,0
DA:186,0
DA:187,0
DA:189,0
DA:190,0
DA:191,0
DA:192,0
DA:194,0
DA:195,0
DA:196,0
DA:197,0
DA:198,0
DA:199,0
DA:200,0
DA:204,0
DA:211,0
DA:215,0
DA:216,0
DA:220,0
DA:221,0
DA:222,0
DA:223,0
DA:224,0
DA:225,0
DA:227,0
DA:228,0
DA:231,0
LF:95
LH:1
end_of_record
SF:lib/settings/presentation/configuration_screen/google_drive_configuration_screen/google_drive_configuration_screen.dart
DA:12,2
DA:19,0
DA:21,0
DA:23,0
DA:24,0
DA:25,0
DA:26,0
DA:27,0
DA:35,0
DA:37,0
DA:38,0
DA:50,0
DA:52,0
DA:53,0
DA:56,0
DA:57,0
DA:58,0
DA:60,0
DA:62,0
DA:63,0
DA:64,0
DA:65,0
DA:66,0
DA:68,0
DA:69,0
DA:70,0
DA:71,0
DA:72,0
DA:73,0
DA:76,0
DA:78,0
DA:80,0
DA:81,0
DA:82,0
DA:86,0
DA:91,0
DA:92,0
DA:93,0
DA:94,0
DA:103,0
DA:104,0
DA:106,0
DA:108,0
DA:112,0
DA:113,0
DA:122,0
DA:123,0
DA:124,0
DA:125,0
DA:127,0
DA:128,0
DA:129,0
DA:133,0
DA:141,0
DA:143,0
DA:144,0
DA:146,0
LF:57
LH:1
end_of_record
SF:lib/settings/presentation/configuration_screen/configurations_screen_test_helper.dart
DA:6,1
DA:7,2
LF:2
LH:2
end_of_record
SF:lib/common/presentation/common_highlighted_row.dart
DA:9,1
DA:17,1
DA:19,1
DA:20,1
DA:21,1
DA:22,1
DA:24,1
DA:25,1
DA:65,0
DA:73,0
DA:74,0
DA:75,0
DA:76,0
DA:77,0
DA:78,0
DA:79,0
DA:80,0
DA:82,0
DA:85,0
LF:19
LH:8
end_of_record
SF:lib/notes/domain/usecases/sync_helper.dart
DA:10,1
DA:13,2
DA:14,2
DA:15,1
LF:4
LH:4
end_of_record
SF:lib/notes/domain/usecases/sync_google_drive_item_usecase.dart
DA:22,1
DA:30,1
DA:34,1
DA:35,0
DA:37,1
DA:41,2
DA:44,1
DA:46,2
DA:47,1
DA:51,1
DA:52,1
DA:55,1
DA:56,1
DA:59,1
DA:61,2
DA:64,1
DA:66,1
DA:68,1
DA:69,1
DA:72,1
DA:73,2
DA:76,2
DA:84,1
DA:90,1
DA:91,0
DA:93,1
DA:96,1
DA:99,1
DA:103,2
DA:108,1
DA:109,2
DA:110,2
DA:114,2
DA:116,1
DA:122,1
DA:125,1
DA:129,2
LF:37
LH:35
end_of_record
SF:lib/notes/domain/model/google_error.dart
DA:4,1
DA:19,0
DA:23,0
DA:27,0
DA:31,1
LF:5
LH:2
end_of_record
SF:lib/common/presentation/validators/ipv4_validator/didgits_only_validator.dart
DA:10,1
DA:14,1
DA:17,1
DA:20,1
DA:25,1
DA:27,1
LF:6
LH:6
end_of_record
SF:lib/common/presentation/validators/ipv4_validator/ipv4_validator.dart
DA:9,1
DA:13,1
DA:16,1
DA:19,1
DA:24,1
DA:26,1
LF:6
LH:6
end_of_record
SF:lib/common/domain/usecases/hash_usecase.dart
DA:16,0
DA:78,0
DA:80,0
DA:81,0
DA:83,0
LF:5
LH:0
end_of_record
SF:lib/unauth/domain/usecases/login_usecase.dart
DA:9,1
DA:14,1
DA:15,2
DA:16,2
DA:18,2
DA:19,1
LF:6
LH:6
end_of_record
SF:lib/unauth/presentation/pin_page/pin_screen.dart
DA:13,3
DA:15,1
DA:17,1
DA:18,3
DA:21,1
DA:22,1
DA:23,1
DA:25,1
DA:26,2
DA:31,1
DA:33,1
DA:34,0
DA:35,1
DA:36,1
DA:37,2
DA:38,2
DA:40,1
DA:42,1
DA:43,1
DA:44,1
DA:45,1
DA:58,1
DA:60,1
DA:62,1
DA:63,2
LF:25
LH:24
end_of_record
SF:lib/unauth/presentation/pin_page/pin_screen_enter_pin_form.dart
DA:12,1
DA:17,1
DA:18,1
DA:22,2
DA:23,2
DA:26,1
DA:28,2
DA:30,1
DA:33,1
DA:36,1
DA:38,1
DA:39,1
DA:40,2
DA:41,4
DA:42,1
DA:43,1
DA:44,1
DA:45,1
DA:47,1
DA:48,1
DA:50,1
DA:51,3
DA:54,1
DA:56,1
DA:58,1
DA:59,1
DA:60,1
DA:64,1
DA:65,1
DA:69,1
DA:70,2
DA:71,2
DA:75,1
DA:78,1
DA:85,1
DA:87,1
DA:88,1
DA:94,1
DA:96,1
DA:97,1
DA:99,2
DA:100,2
DA:114,1
DA:115,4
DA:116,2
DA:118,1
DA:119,3
DA:120,2
DA:121,1
DA:129,1
DA:130,1
LF:51
LH:51
end_of_record
SF:lib/common/data/clock_configuration_provider_impl.dart
DA:13,1
DA:15,1
DA:16,0
DA:18,0
DA:19,0
DA:21,0
DA:22,0
DA:23,0
DA:26,0
DA:29,0
DA:34,0
DA:36,0
DA:37,0
DA:38,0
DA:43,0
DA:44,0
DA:45,0
DA:46,0
DA:47,0
DA:48,0
DA:49,0
DA:52,0
DA:57,0
DA:58,0
DA:59,0
DA:60,0
DA:61,0
DA:64,0
LF:28
LH:2
end_of_record
SF:lib/common/domain/time_formatter/time_formatter.dart
DA:18,1
DA:22,0
DA:23,0
DA:25,0
DA:30,0
DA:32,0
DA:37,0
DA:40,0
DA:41,0
LF:9
LH:1
end_of_record
SF:lib/common/domain/usecases/clock_usecase.dart
DA:7,1
DA:11,1
DA:12,2
DA:13,0
DA:16,0
DA:17,0
DA:18,0
DA:20,0
DA:21,0
DA:23,0
DA:25,0
DA:28,0
DA:29,0
DA:31,0
DA:32,0
DA:33,0
DA:34,0
DA:39,0
DA:41,0
DA:44,0
DA:46,0
LF:21
LH:3
end_of_record
SF:lib/unauth/presentation/pin_page/bloc/pin_page_bloc_event.dart
DA:4,1
DA:10,0
DA:15,0
DA:20,1
LF:4
LH:2
end_of_record
SF:lib/unauth/presentation/pin_page/bloc/pin_page_bloc_state.dart
DA:6,2
DA:8,0
DA:9,0
DA:27,1
DA:31,1
DA:35,1
DA:40,1
DA:48,1
DA:50,0
LF:9
LH:6
end_of_record
SF:lib/unauth/presentation/pin_page/bloc/pin_page_bloc.dart
DA:11,3
DA:13,1
DA:15,1
DA:20,1
DA:23,1
DA:24,2
DA:27,1
DA:32,3
DA:33,3
DA:34,3
DA:36,3
LF:11
LH:11
end_of_record
SF:lib/common/domain/model/clock_model.dart
DA:5,0
DA:10,0
DA:12,0
DA:13,0
DA:14,0
DA:16,0
DA:17,0
LF:7
LH:0
end_of_record
SF:lib/common/data/model/clock_model_data.dart
DA:12,0
DA:16,0
DA:17,0
DA:19,0
DA:31,0
DA:36,0
DA:37,0
DA:39,0
LF:8
LH:0
end_of_record
SF:lib/common/data/model/clock_model_data.g.dart
DA:9,0
DA:10,0
DA:11,0
DA:12,0
DA:13,0
DA:16,0
DA:17,0
DA:18,0
DA:21,0
DA:22,0
DA:23,0
DA:24,0
DA:27,0
DA:28,0
DA:29,0
DA:30,0
LF:16
LH:0
end_of_record
SF:lib/common/presentation/clock/clock_widget.dart
DA:19,0
DA:29,0
DA:31,0
DA:32,0
DA:33,0
DA:34,0
DA:35,0
DA:36,0
DA:37,0
DA:38,0
DA:40,0
DA:43,0
DA:44,0
DA:45,0
DA:46,0
DA:57,0
DA:59,0
DA:61,0
DA:69,0
DA:76,0
DA:78,0
DA:80,0
DA:86,0
DA:87,0
DA:88,0
DA:94,0
DA:100,0
DA:101,0
DA:102,0
DA:103,0
DA:104,0
DA:108,0
DA:110,0
DA:113,0
DA:114,0
DA:115,0
DA:116,0
DA:117,0
DA:121,0
DA:123,0
DA:125,0
DA:127,0
DA:129,0
DA:131,0
DA:134,0
DA:135,0
DA:136,0
DA:137,0
DA:138,0
DA:139,0
DA:141,0
DA:142,0
DA:143,0
DA:145,0
DA:146,0
DA:161,0
DA:162,0
DA:164,0
DA:165,0
DA:167,0
DA:169,0
DA:170,0
DA:172,0
DA:173,0
DA:176,0
DA:178,0
DA:179,0
DA:181,0
DA:183,0
DA:184,0
DA:185,0
DA:200,0
DA:207,0
DA:208,0
DA:209,0
DA:210,0
DA:211,0
DA:215,0
DA:216,0
DA:217,0
DA:218,0
DA:219,0
DA:223,0
DA:225,0
DA:228,0
DA:229,0
DA:230,0
DA:231,0
DA:232,0
DA:236,0
DA:238,0
DA:240,0
DA:242,0
DA:244,0
DA:246,0
DA:249,0
DA:251,0
DA:252,0
DA:256,0
DA:259,0
DA:270,0
DA:271,0
DA:272,0
DA:273,0
DA:274,0
DA:276,0
DA:278,0
DA:279,0
DA:280,0
DA:283,0
DA:284,0
DA:286,0
DA:287,0
DA:288,0
DA:292,0
DA:293,0
DA:294,0
DA:295,0
DA:296,0
DA:298,0
DA:299,0
DA:300,0
DA:303,0
DA:304,0
DA:305,0
DA:307,0
DA:308,0
DA:309,0
DA:313,0
DA:314,0
DA:315,0
DA:316,0
DA:317,0
DA:319,0
DA:320,0
DA:321,0
DA:322,0
DA:323,0
DA:325,0
DA:327,0
DA:328,0
DA:330,0
DA:331,0
DA:332,0
LF:144
LH:0
end_of_record
SF:lib/common/presentation/clock/clock_widget24.dart
DA:14,0
DA:21,0
DA:23,0
DA:24,0
DA:25,0
DA:26,0
DA:27,0
DA:29,0
DA:30,0
DA:31,0
DA:33,0
LF:11
LH:0
end_of_record
SF:lib/common/presentation/clock/clocks_widget/add_clock_dialog.dart
DA:5,1
DA:7,0
DA:8,0
DA:16,0
DA:18,0
DA:19,0
DA:22,0
DA:24,0
DA:25,0
DA:26,0
DA:27,0
DA:30,0
DA:31,0
DA:34,0
DA:35,0
DA:39,0
DA:40,0
DA:41,0
DA:46,0
DA:50,0
DA:52,0
DA:53,0
DA:57,0
DA:58,0
DA:59,0
DA:64,0
DA:65,0
DA:69,0
DA:70,0
DA:71,0
DA:82,0
DA:83,0
DA:84,0
DA:85,0
DA:94,0
DA:101,0
DA:102,0
LF:37
LH:1
end_of_record
SF:lib/common/presentation/clock/clocks_widget/bloc/clocks_widget_state.dart
DA:6,1
DA:8,2
DA:9,0
DA:10,0
DA:20,1
DA:24,0
DA:31,1
DA:35,1
DA:37,0
DA:38,0
DA:40,0
DA:43,0
DA:44,0
DA:49,0
DA:51,0
DA:54,0
DA:56,0
LF:17
LH:5
end_of_record
SF:lib/common/presentation/clock/clocks_widget/bloc/clocks_widget_event.dart
DA:4,2
DA:18,0
DA:23,1
DA:27,1
DA:32,0
DA:37,0
LF:6
LH:3
end_of_record
SF:lib/common/presentation/clock/clocks_widget/bloc/clocks_widget_bloc.dart
DA:18,1
DA:20,1
DA:21,1
DA:22,1
DA:25,1
DA:26,1
DA:29,1
DA:30,2
DA:31,2
DA:32,2
DA:33,2
DA:36,1
DA:40,2
DA:42,0
DA:43,0
DA:44,0
DA:49,0
DA:53,0
DA:55,0
DA:56,0
DA:57,0
DA:64,0
DA:68,0
DA:69,0
DA:70,0
DA:73,0
DA:74,0
DA:79,0
DA:83,0
DA:85,0
DA:86,0
LF:31
LH:13
end_of_record
SF:lib/common/presentation/clock/clocks_widget/clocks_widget.dart
DA:19,1
DA:24,1
DA:26,1
DA:27,2
DA:29,5
DA:31,1
DA:32,2
DA:33,2
DA:35,1
DA:36,1
DA:37,1
DA:38,1
DA:39,1
DA:40,1
DA:42,1
DA:44,1
DA:45,2
DA:46,0
DA:48,0
DA:49,0
DA:50,0
DA:54,0
DA:55,0
DA:56,0
DA:57,0
DA:58,0
DA:59,0
DA:62,0
DA:63,0
DA:65,0
DA:66,0
DA:69,0
DA:70,0
DA:72,0
DA:77,0
DA:78,0
DA:81,0
DA:84,0
DA:85,0
DA:86,0
DA:88,0
DA:98,1
DA:99,0
DA:102,0
DA:105,0
DA:117,0
DA:121,0
DA:122,0
DA:123,0
DA:125,0
DA:126,0
DA:127,0
DA:129,0
DA:134,0
DA:135,0
DA:136,0
DA:137,0
DA:138,0
DA:139,0
DA:148,0
LF:60
LH:18
end_of_record
